TN:
SF:src\middleware\auth.js
FN:5,(anonymous_0)
FN:69,(anonymous_1)
FN:70,(anonymous_2)
FN:82,(anonymous_3)
FNF:4
FNH:0
FNDA:0,(anonymous_0)
FNDA:0,(anonymous_1)
FNDA:0,(anonymous_2)
FNDA:0,(anonymous_3)
DA:5,0
DA:6,0
DA:10,0
DA:11,0
DA:15,0
DA:16,0
DA:22,0
DA:24,0
DA:27,0
DA:28,0
DA:29,0
DA:36,0
DA:37,0
DA:44,0
DA:45,0
DA:52,0
DA:53,0
DA:55,0
DA:61,0
DA:69,0
DA:70,0
DA:71,0
DA:72,0
DA:77,0
DA:82,0
DA:83,0
DA:86,0
DA:87,0
DA:90,0
DA:91,0
DA:92,0
DA:93,0
DA:95,0
DA:96,0
DA:100,0
DA:104,0
DA:106,0
LF:37
LH:0
BRDA:10,0,0,0
BRDA:10,0,1,0
BRDA:10,1,0,0
BRDA:10,1,1,0
BRDA:15,2,0,0
BRDA:15,2,1,0
BRDA:28,3,0,0
BRDA:28,3,1,0
BRDA:36,4,0,0
BRDA:36,4,1,0
BRDA:44,5,0,0
BRDA:44,5,1,0
BRDA:71,6,0,0
BRDA:71,6,1,0
BRDA:86,7,0,0
BRDA:86,7,1,0
BRDA:86,8,0,0
BRDA:86,8,1,0
BRDA:90,9,0,0
BRDA:90,9,1,0
BRDA:95,10,0,0
BRDA:95,10,1,0
BRDA:95,11,0,0
BRDA:95,11,1,0
BRF:24
BRH:0
end_of_record
TN:
SF:src\middleware\validation.js
FN:4,(anonymous_0)
FN:13,(anonymous_1)
FN:61,(anonymous_2)
FN:124,(anonymous_3)
FN:237,(anonymous_4)
FN:332,(anonymous_5)
FNF:6
FNH:0
FNDA:0,(anonymous_0)
FNDA:0,(anonymous_1)
FNDA:0,(anonymous_2)
FNDA:0,(anonymous_3)
FNDA:0,(anonymous_4)
FNDA:0,(anonymous_5)
DA:4,0
DA:5,0
DA:6,0
DA:7,0
DA:8,0
DA:10,0
DA:13,0
DA:20,0
DA:24,0
DA:62,0
DA:63,0
DA:64,0
DA:65,0
DA:66,0
DA:68,0
DA:89,0
DA:102,0
DA:125,0
DA:126,0
DA:127,0
DA:128,0
DA:129,0
DA:130,0
DA:133,0
DA:156,0
DA:198,0
DA:225,0
DA:238,0
DA:239,0
DA:240,0
DA:242,0
DA:243,0
DA:246,0
DA:247,0
DA:249,0
DA:250,0
DA:253,0
DA:275,0
DA:309,0
DA:332,0
DA:341,0
LF:41
LH:0
BRDA:6,0,0,0
BRDA:6,0,1,0
BRDA:14,1,0,0
BRDA:14,1,1,0
BRDA:65,2,0,0
BRDA:65,2,1,0
BRDA:65,3,0,0
BRDA:65,3,1,0
BRDA:125,4,0,0
BRDA:125,4,1,0
BRDA:129,5,0,0
BRDA:129,5,1,0
BRDA:129,6,0,0
BRDA:129,6,1,0
BRDA:242,7,0,0
BRDA:242,7,1,0
BRDA:249,8,0,0
BRDA:249,8,1,0
BRF:18
BRH:0
end_of_record
TN:
SF:src\models\Appointment.js
FN:103,(anonymous_0)
FN:108,(anonymous_1)
FN:124,(anonymous_2)
FNF:3
FNH:0
FNDA:0,(anonymous_0)
FNDA:0,(anonymous_1)
FNDA:0,(anonymous_2)
DA:3,0
DA:103,0
DA:104,0
DA:108,0
DA:109,0
DA:110,0
DA:111,0
DA:112,0
DA:113,0
DA:117,0
DA:118,0
DA:119,0
DA:120,0
DA:121,0
DA:124,0
DA:125,0
DA:126,0
DA:129,0
DA:130,0
DA:134,0
DA:135,0
DA:137,0
DA:138,0
DA:141,0
DA:144,0
LF:25
LH:0
BRDA:129,0,0,0
BRDA:129,0,1,0
BRDA:137,1,0,0
BRDA:137,1,1,0
BRF:4
BRH:0
end_of_record
TN:
SF:src\models\Bill.js
FN:136,(anonymous_0)
FN:146,(anonymous_1)
FN:158,(anonymous_2)
FN:165,(anonymous_3)
FN:170,(anonymous_4)
FN:203,(anonymous_5)
FNF:6
FNH:0
FNDA:0,(anonymous_0)
FNDA:0,(anonymous_1)
FNDA:0,(anonymous_2)
FNDA:0,(anonymous_3)
FNDA:0,(anonymous_4)
FNDA:0,(anonymous_5)
DA:3,0
DA:136,0
DA:137,0
DA:138,0
DA:139,0
DA:140,0
DA:142,0
DA:146,0
DA:147,0
DA:151,0
DA:152,0
DA:153,0
DA:154,0
DA:155,0
DA:158,0
DA:160,0
DA:161,0
DA:165,0
DA:166,0
DA:170,0
DA:173,0
DA:174,0
DA:181,0
DA:185,0
DA:188,0
DA:191,0
DA:194,0
DA:195,0
DA:196,0
DA:199,0
DA:203,0
DA:204,0
DA:205,0
DA:206,0
DA:208,0
DA:211,0
LF:36
LH:0
BRDA:137,0,0,0
BRDA:137,0,1,0
BRDA:137,1,0,0
BRDA:137,1,1,0
BRDA:137,1,2,0
BRDA:147,2,0,0
BRDA:147,2,1,0
BRDA:147,2,2,0
BRDA:160,3,0,0
BRDA:160,3,1,0
BRDA:161,4,0,0
BRDA:161,4,1,0
BRDA:161,5,0,0
BRDA:161,5,1,0
BRDA:173,6,0,0
BRDA:173,6,1,0
BRDA:175,7,0,0
BRDA:175,7,1,0
BRDA:194,8,0,0
BRDA:194,8,1,0
BRDA:204,9,0,0
BRDA:204,9,1,0
BRDA:204,10,0,0
BRDA:204,10,1,0
BRF:24
BRH:0
end_of_record
TN:
SF:src\models\Doctor.js
FN:98,(anonymous_0)
FN:103,(anonymous_1)
FN:108,(anonymous_2)
FNF:3
FNH:0
FNDA:0,(anonymous_0)
FNDA:0,(anonymous_1)
FNDA:0,(anonymous_2)
DA:3,0
DA:98,0
DA:99,0
DA:103,0
DA:104,0
DA:105,0
DA:106,0
DA:108,0
DA:109,0
DA:115,0
DA:119,0
DA:120,0
DA:121,0
DA:122,0
DA:123,0
DA:125,0
LF:16
LH:0
BRDA:99,0,0,0
BRDA:99,0,1,0
BRDA:108,1,0,0
BRDA:108,1,1,0
BRDA:109,2,0,0
BRDA:109,2,1,0
BRDA:109,2,2,0
BRDA:109,2,3,0
BRF:8
BRH:0
end_of_record
TN:
SF:src\models\HealthRecord.js
FNF:0
FNH:0
DA:3,0
DA:68,0
DA:69,0
DA:70,0
DA:72,0
LF:5
LH:0
BRF:0
BRH:0
end_of_record
TN:
SF:src\models\Hospital.js
FNF:0
FNH:0
DA:3,0
DA:89,0
DA:90,0
DA:91,0
DA:92,0
DA:94,0
LF:6
LH:0
BRF:0
BRH:0
end_of_record
TN:
SF:src\models\Notification.js
FN:68,(anonymous_0)
FN:82,(anonymous_1)
FN:94,(anonymous_2)
FNF:3
FNH:0
FNDA:0,(anonymous_0)
FNDA:0,(anonymous_1)
FNDA:0,(anonymous_2)
DA:3,0
DA:61,0
DA:62,0
DA:63,0
DA:64,0
DA:65,0
DA:68,0
DA:69,0
DA:70,0
DA:72,0
DA:73,0
DA:74,0
DA:75,0
DA:79,0
DA:82,0
DA:83,0
DA:90,0
DA:94,0
DA:95,0
DA:98,0
LF:20
LH:0
BRDA:72,0,0,0
BRDA:72,0,1,0
BRDA:73,1,0,0
BRDA:73,1,1,0
BRDA:74,2,0,0
BRDA:74,2,1,0
BRDA:82,3,0,0
BRF:7
BRH:0
end_of_record
TN:
SF:src\models\Patient.js
FN:101,(anonymous_0)
FNF:1
FNH:0
FNDA:0,(anonymous_0)
DA:3,0
DA:101,0
DA:102,0
DA:106,0
DA:107,0
DA:108,0
DA:109,0
DA:111,0
LF:8
LH:0
BRDA:102,0,0,0
BRDA:102,0,1,0
BRF:2
BRH:0
end_of_record
TN:
SF:src\models\Payment.js
FN:93,(anonymous_0)
FN:105,(anonymous_1)
FN:121,(anonymous_2)
FN:134,(anonymous_3)
FNF:4
FNH:0
FNDA:0,(anonymous_0)
FNDA:0,(anonymous_1)
FNDA:0,(anonymous_2)
FNDA:0,(anonymous_3)
DA:3,0
DA:93,0
DA:94,0
DA:101,0
DA:105,0
DA:106,0
DA:113,0
DA:114,0
DA:115,0
DA:116,0
DA:117,0
DA:118,0
DA:121,0
DA:122,0
DA:123,0
DA:124,0
DA:125,0
DA:126,0
DA:127,0
DA:128,0
DA:130,0
DA:134,0
DA:135,0
DA:136,0
DA:137,0
DA:139,0
DA:141,0
DA:146,0
DA:149,0
DA:150,0
DA:151,0
DA:152,0
DA:153,0
DA:154,0
DA:155,0
DA:158,0
DA:163,0
LF:37
LH:0
BRDA:101,0,0,0
BRDA:101,0,1,0
BRDA:122,1,0,0
BRDA:122,1,1,0
BRDA:122,2,0,0
BRDA:122,2,1,0
BRDA:135,3,0,0
BRDA:135,3,1,0
BRDA:139,4,0,0
BRDA:139,4,1,0
BRDA:146,5,0,0
BRDA:146,5,1,0
BRDA:149,6,0,0
BRDA:149,6,1,0
BRDA:154,7,0,0
BRDA:154,7,1,0
BRF:16
BRH:0
end_of_record
TN:
SF:src\models\Report.js
FN:56,(anonymous_0)
FNF:1
FNH:0
FNDA:0,(anonymous_0)
DA:3,0
DA:51,0
DA:52,0
DA:53,0
DA:56,0
DA:57,0
DA:61,0
DA:63,0
LF:8
LH:0
BRF:0
BRH:0
end_of_record
TN:
SF:src\models\User.js
FN:78,(anonymous_0)
FN:82,(anonymous_1)
FN:86,(anonymous_2)
FN:93,(anonymous_3)
FN:133,(anonymous_4)
FN:142,(anonymous_5)
FN:152,(anonymous_6)
FN:160,(anonymous_7)
FN:165,(anonymous_8)
FN:170,(anonymous_9)
FN:179,(anonymous_10)
FN:192,(anonymous_11)
FNF:12
FNH:8
FNDA:18,(anonymous_0)
FNDA:18,(anonymous_1)
FNDA:18,(anonymous_2)
FNDA:18,(anonymous_3)
FNDA:0,(anonymous_4)
FNDA:12,(anonymous_5)
FNDA:12,(anonymous_6)
FNDA:0,(anonymous_7)
FNDA:2,(anonymous_8)
FNDA:0,(anonymous_9)
FNDA:1,(anonymous_10)
FNDA:0,(anonymous_11)
DA:5,1
DA:78,18
DA:82,18
DA:86,18
DA:93,18
DA:133,1
DA:134,0
DA:138,1
DA:139,1
DA:142,1
DA:144,12
DA:147,12
DA:148,12
DA:152,1
DA:153,12
DA:155,0
DA:156,0
DA:160,1
DA:161,0
DA:165,1
DA:166,2
DA:170,1
DA:171,0
DA:172,0
DA:173,0
DA:175,0
DA:179,1
DA:180,1
DA:186,1
DA:192,1
DA:193,0
DA:201,0
DA:202,0
DA:205,0
DA:206,0
DA:207,0
DA:210,0
DA:213,1
LF:38
LH:23
BRDA:144,0,0,0
BRDA:144,0,1,12
BRDA:153,1,0,12
BRDA:153,1,1,0
BRDA:153,2,0,12
BRDA:153,2,1,12
BRDA:171,3,0,0
BRDA:171,3,1,0
BRDA:186,4,0,1
BRDA:186,4,1,0
BRDA:187,5,0,1
BRDA:187,5,1,1
BRDA:201,6,0,0
BRDA:201,6,1,0
BRDA:206,7,0,0
BRDA:206,7,1,0
BRF:16
BRH:7
end_of_record
TN:
SF:src\routes\appointments.js
FN:16,(anonymous_0)
FN:121,(anonymous_1)
FN:186,(anonymous_2)
FN:289,(anonymous_3)
FN:322,(anonymous_4)
FN:358,(anonymous_5)
FN:450,(anonymous_6)
FN:473,(anonymous_7)
FN:514,(anonymous_8)
FN:515,(anonymous_9)
FN:536,(anonymous_10)
FN:596,(anonymous_11)
FNF:12
FNH:0
FNDA:0,(anonymous_0)
FNDA:0,(anonymous_1)
FNDA:0,(anonymous_2)
FNDA:0,(anonymous_3)
FNDA:0,(anonymous_4)
FNDA:0,(anonymous_5)
FNDA:0,(anonymous_6)
FNDA:0,(anonymous_7)
FNDA:0,(anonymous_8)
FNDA:0,(anonymous_9)
FNDA:0,(anonymous_10)
FNDA:0,(anonymous_11)
DA:11,0
DA:16,0
DA:17,0
DA:19,0
DA:20,0
DA:23,0
DA:24,0
DA:27,0
DA:28,0
DA:29,0
DA:30,0
DA:33,0
DA:35,0
DA:36,0
DA:37,0
DA:38,0
DA:43,0
DA:44,0
DA:45,0
DA:46,0
DA:47,0
DA:52,0
DA:56,0
DA:57,0
DA:58,0
DA:59,0
DA:60,0
DA:62,0
DA:65,0
DA:66,0
DA:67,0
DA:68,0
DA:69,0
DA:70,0
DA:73,0
DA:96,0
DA:98,0
DA:109,0
DA:110,0
DA:121,0
DA:122,0
DA:123,0
DA:143,0
DA:144,0
DA:151,0
DA:152,0
DA:153,0
DA:154,0
DA:159,0
DA:160,0
DA:161,0
DA:162,0
DA:169,0
DA:176,0
DA:186,0
DA:187,0
DA:188,0
DA:194,0
DA:197,0
DA:198,0
DA:199,0
DA:206,0
DA:207,0
DA:208,0
DA:215,0
DA:216,0
DA:217,0
DA:218,0
DA:226,0
DA:227,0
DA:228,0
DA:229,0
DA:237,0
DA:238,0
DA:245,0
DA:246,0
DA:252,0
DA:263,0
DA:268,0
DA:273,0
DA:274,0
DA:276,0
DA:278,0
DA:285,0
DA:288,0
DA:289,0
DA:294,0
DA:301,0
DA:302,0
DA:312,0
DA:322,0
DA:323,0
DA:324,0
DA:326,0
DA:327,0
DA:334,0
DA:335,0
DA:336,0
DA:337,0
DA:342,0
DA:343,0
DA:344,0
DA:345,0
DA:352,0
DA:356,0
DA:358,0
DA:359,0
DA:360,0
DA:365,0
DA:366,0
DA:369,0
DA:370,0
DA:371,0
DA:372,0
DA:373,0
DA:375,0
DA:376,0
DA:377,0
DA:379,0
DA:400,0
DA:401,0
DA:410,0
DA:411,0
DA:415,0
DA:433,0
DA:440,0
DA:450,0
DA:451,0
DA:452,0
DA:454,0
DA:455,0
DA:461,0
DA:462,0
DA:463,0
DA:469,0
DA:470,0
DA:473,0
DA:474,0
DA:477,0
DA:478,0
DA:488,0
DA:489,0
DA:490,0
DA:491,0
DA:493,0
DA:494,0
DA:496,0
DA:497,0
DA:499,0
DA:500,0
DA:501,0
DA:502,0
DA:504,0
DA:508,0
DA:514,0
DA:515,0
DA:517,0
DA:526,0
DA:536,0
DA:537,0
DA:538,0
DA:540,0
DA:542,0
DA:543,0
DA:549,0
DA:550,0
DA:556,0
DA:557,0
DA:564,0
DA:565,0
DA:566,0
DA:567,0
DA:574,0
DA:575,0
DA:576,0
DA:577,0
DA:579,0
DA:581,0
DA:586,0
DA:596,0
DA:597,0
DA:598,0
DA:600,0
DA:601,0
DA:608,0
DA:610,0
DA:611,0
DA:612,0
DA:614,0
DA:615,0
DA:617,0
DA:623,0
DA:625,0
DA:626,0
DA:627,0
DA:628,0
DA:630,0
DA:634,0
DA:635,0
DA:641,0
DA:643,0
DA:648,0
LF:202
LH:0
BRDA:19,0,0,0
BRDA:19,0,1,0
BRDA:23,1,0,0
BRDA:23,1,1,0
BRDA:27,2,0,0
BRDA:27,2,1,0
BRDA:28,3,0,0
BRDA:28,3,1,0
BRDA:35,4,0,0
BRDA:35,4,1,0
BRDA:37,5,0,0
BRDA:37,5,1,0
BRDA:44,6,0,0
BRDA:44,6,1,0
BRDA:46,7,0,0
BRDA:46,7,1,0
BRDA:56,8,0,0
BRDA:56,8,1,0
BRDA:57,9,0,0
BRDA:57,9,1,0
BRDA:59,10,0,0
BRDA:59,10,1,0
BRDA:65,11,0,0
BRDA:65,11,1,0
BRDA:66,12,0,0
BRDA:66,12,1,0
BRDA:113,13,0,0
BRDA:113,13,1,0
BRDA:143,14,0,0
BRDA:143,14,1,0
BRDA:151,15,0,0
BRDA:151,15,1,0
BRDA:153,16,0,0
BRDA:153,16,1,0
BRDA:153,17,0,0
BRDA:153,17,1,0
BRDA:159,18,0,0
BRDA:159,18,1,0
BRDA:161,19,0,0
BRDA:161,19,1,0
BRDA:161,20,0,0
BRDA:161,20,1,0
BRDA:198,21,0,0
BRDA:198,21,1,0
BRDA:207,22,0,0
BRDA:207,22,1,0
BRDA:215,23,0,0
BRDA:215,23,1,0
BRDA:217,24,0,0
BRDA:217,24,1,0
BRDA:226,25,0,0
BRDA:226,25,1,0
BRDA:228,26,0,0
BRDA:228,26,1,0
BRDA:228,27,0,0
BRDA:228,27,1,0
BRDA:245,28,0,0
BRDA:245,28,1,0
BRDA:273,29,0,0
BRDA:273,29,1,0
BRDA:288,30,0,0
BRDA:288,30,1,0
BRDA:301,31,0,0
BRDA:301,31,1,0
BRDA:314,32,0,0
BRDA:314,32,1,0
BRDA:326,33,0,0
BRDA:326,33,1,0
BRDA:334,34,0,0
BRDA:334,34,1,0
BRDA:336,35,0,0
BRDA:336,35,1,0
BRDA:336,36,0,0
BRDA:336,36,1,0
BRDA:342,37,0,0
BRDA:342,37,1,0
BRDA:344,38,0,0
BRDA:344,38,1,0
BRDA:344,39,0,0
BRDA:344,39,1,0
BRDA:359,40,0,0
BRDA:359,40,1,0
BRDA:365,41,0,0
BRDA:365,41,1,0
BRDA:365,42,0,0
BRDA:365,42,1,0
BRDA:370,43,0,0
BRDA:370,43,1,0
BRDA:373,44,0,0
BRDA:373,44,1,0
BRDA:375,45,0,0
BRDA:375,45,1,0
BRDA:376,46,0,0
BRDA:376,46,1,0
BRDA:382,47,0,0
BRDA:382,47,1,0
BRDA:388,48,0,0
BRDA:388,48,1,0
BRDA:400,49,0,0
BRDA:400,49,1,0
BRDA:454,50,0,0
BRDA:454,50,1,0
BRDA:454,51,0,0
BRDA:454,51,1,0
BRDA:462,52,0,0
BRDA:462,52,1,0
BRDA:474,53,0,0
BRDA:474,53,1,0
BRDA:477,54,0,0
BRDA:477,54,1,0
BRDA:542,55,0,0
BRDA:542,55,1,0
BRDA:549,56,0,0
BRDA:549,56,1,0
BRDA:556,57,0,0
BRDA:556,57,1,0
BRDA:564,58,0,0
BRDA:564,58,1,0
BRDA:566,59,0,0
BRDA:566,59,1,0
BRDA:566,60,0,0
BRDA:566,60,1,0
BRDA:600,61,0,0
BRDA:600,61,1,0
BRDA:610,62,0,0
BRDA:610,62,1,0
BRDA:612,63,0,0
BRDA:612,63,1,0
BRDA:612,64,0,0
BRDA:612,64,1,0
BRDA:614,65,0,0
BRDA:614,65,1,0
BRDA:623,66,0,0
BRDA:623,66,1,0
BRDA:626,67,0,0
BRDA:626,67,1,0
BRDA:628,68,0,0
BRDA:628,68,1,0
BRDA:628,69,0,0
BRDA:628,69,1,0
BRDA:634,70,0,0
BRDA:634,70,1,0
BRF:142
BRH:0
end_of_record
TN:
SF:src\routes\auth.js
FN:12,(anonymous_0)
FN:19,(anonymous_1)
FN:37,(anonymous_2)
FN:56,(anonymous_3)
FN:143,(anonymous_4)
FN:146,(anonymous_5)
FN:179,(anonymous_6)
FN:202,(anonymous_7)
FN:231,(anonymous_8)
FN:240,(anonymous_9)
FN:281,(anonymous_10)
FN:330,(anonymous_11)
FN:349,(anonymous_12)
FNF:13
FNH:0
FNDA:0,(anonymous_0)
FNDA:0,(anonymous_1)
FNDA:0,(anonymous_2)
FNDA:0,(anonymous_3)
FNDA:0,(anonymous_4)
FNDA:0,(anonymous_5)
FNDA:0,(anonymous_6)
FNDA:0,(anonymous_7)
FNDA:0,(anonymous_8)
FNDA:0,(anonymous_9)
FNDA:0,(anonymous_10)
FNDA:0,(anonymous_11)
FNDA:0,(anonymous_12)
DA:9,0
DA:12,0
DA:13,0
DA:19,0
DA:20,0
DA:23,0
DA:25,0
DA:37,0
DA:38,0
DA:39,0
DA:40,0
DA:46,0
DA:56,0
DA:57,0
DA:58,0
DA:70,0
DA:73,0
DA:77,0
DA:78,0
DA:85,0
DA:94,0
DA:95,0
DA:98,0
DA:99,0
DA:102,0
DA:103,0
DA:106,0
DA:107,0
DA:110,0
DA:113,0
DA:115,0
DA:117,0
DA:137,0
DA:139,0
DA:142,0
DA:143,0
DA:145,0
DA:146,0
DA:149,0
DA:165,0
DA:167,0
DA:169,0
DA:170,0
DA:179,0
DA:180,0
DA:181,0
DA:184,0
DA:187,0
DA:188,0
DA:190,0
DA:192,0
DA:202,0
DA:203,0
DA:204,0
DA:214,0
DA:221,0
DA:231,0
DA:232,0
DA:233,0
DA:234,0
DA:236,0
DA:237,0
DA:240,0
DA:241,0
DA:242,0
DA:246,0
DA:248,0
DA:254,0
DA:255,0
DA:261,0
DA:263,0
DA:270,0
DA:271,0
DA:281,0
DA:282,0
DA:283,0
DA:285,0
DA:286,0
DA:292,0
DA:293,0
DA:300,0
DA:303,0
DA:304,0
DA:305,0
DA:312,0
DA:313,0
DA:315,0
DA:320,0
DA:330,0
DA:331,0
DA:332,0
DA:334,0
DA:339,0
DA:349,0
DA:350,0
LF:95
LH:0
BRDA:14,0,0,0
BRDA:14,0,1,0
BRDA:77,1,0,0
BRDA:77,1,1,0
BRDA:94,2,0,0
BRDA:94,2,1,0
BRDA:94,3,0,0
BRDA:94,3,1,0
BRDA:98,4,0,0
BRDA:98,4,1,0
BRDA:98,5,0,0
BRDA:98,5,1,0
BRDA:102,6,0,0
BRDA:102,6,1,0
BRDA:102,7,0,0
BRDA:102,7,1,0
BRDA:106,8,0,0
BRDA:106,8,1,0
BRDA:106,9,0,0
BRDA:106,9,1,0
BRDA:113,10,0,0
BRDA:113,10,1,0
BRDA:115,11,0,0
BRDA:115,11,1,0
BRDA:120,12,0,0
BRDA:120,12,1,0
BRDA:121,13,0,0
BRDA:121,13,1,0
BRDA:122,14,0,0
BRDA:122,14,1,0
BRDA:137,15,0,0
BRDA:137,15,1,0
BRDA:139,16,0,0
BRDA:139,16,1,0
BRDA:142,17,0,0
BRDA:142,17,1,0
BRDA:145,18,0,0
BRDA:145,18,1,0
BRDA:151,19,0,0
BRDA:151,19,1,0
BRDA:152,20,0,0
BRDA:152,20,1,0
BRDA:154,21,0,0
BRDA:154,21,1,0
BRDA:155,22,0,0
BRDA:155,22,1,0
BRDA:156,23,0,0
BRDA:156,23,1,0
BRDA:157,24,0,0
BRDA:157,24,1,0
BRDA:241,25,0,0
BRDA:241,25,1,0
BRDA:254,26,0,0
BRDA:254,26,1,0
BRDA:285,27,0,0
BRDA:285,27,1,0
BRDA:285,28,0,0
BRDA:285,28,1,0
BRDA:292,29,0,0
BRDA:292,29,1,0
BRDA:304,30,0,0
BRDA:304,30,1,0
BRF:62
BRH:0
end_of_record
TN:
SF:src\routes\bills.js
FN:13,(anonymous_0)
FN:76,(anonymous_1)
FN:120,(anonymous_2)
FN:200,(anonymous_3)
FN:216,(anonymous_4)
FN:257,(anonymous_5)
FN:303,(anonymous_6)
FN:349,(anonymous_7)
FN:391,(anonymous_8)
FNF:9
FNH:0
FNDA:0,(anonymous_0)
FNDA:0,(anonymous_1)
FNDA:0,(anonymous_2)
FNDA:0,(anonymous_3)
FNDA:0,(anonymous_4)
FNDA:0,(anonymous_5)
FNDA:0,(anonymous_6)
FNDA:0,(anonymous_7)
FNDA:0,(anonymous_8)
DA:8,0
DA:13,0
DA:14,0
DA:15,0
DA:16,0
DA:17,0
DA:18,0
DA:21,0
DA:23,0
DA:24,0
DA:25,0
DA:26,0
DA:31,0
DA:35,0
DA:36,0
DA:37,0
DA:38,0
DA:39,0
DA:40,0
DA:43,0
DA:53,0
DA:55,0
DA:66,0
DA:76,0
DA:77,0
DA:78,0
DA:85,0
DA:86,0
DA:93,0
DA:94,0
DA:95,0
DA:96,0
DA:103,0
DA:110,0
DA:120,0
DA:121,0
DA:132,0
DA:135,0
DA:136,0
DA:137,0
DA:144,0
DA:145,0
DA:146,0
DA:147,0
DA:154,0
DA:176,0
DA:183,0
DA:190,0
DA:200,0
DA:201,0
DA:202,0
DA:204,0
DA:205,0
DA:211,0
DA:214,0
DA:216,0
DA:217,0
DA:218,0
DA:223,0
DA:224,0
DA:225,0
DA:228,0
DA:240,0
DA:247,0
DA:257,0
DA:258,0
DA:259,0
DA:268,0
DA:269,0
DA:276,0
DA:277,0
DA:278,0
DA:279,0
DA:286,0
DA:293,0
DA:303,0
DA:304,0
DA:305,0
DA:306,0
DA:307,0
DA:309,0
DA:310,0
DA:323,0
DA:328,0
DA:339,0
DA:349,0
DA:350,0
DA:351,0
DA:353,0
DA:355,0
DA:356,0
DA:362,0
DA:363,0
DA:369,0
DA:370,0
DA:371,0
DA:372,0
DA:374,0
DA:376,0
DA:381,0
DA:391,0
DA:392,0
DA:393,0
DA:395,0
DA:396,0
DA:402,0
DA:403,0
DA:409,0
DA:411,0
DA:416,0
LF:110
LH:0
BRDA:15,0,0,0
BRDA:15,0,1,0
BRDA:16,1,0,0
BRDA:16,1,1,0
BRDA:23,2,0,0
BRDA:23,2,1,0
BRDA:25,3,0,0
BRDA:25,3,1,0
BRDA:35,4,0,0
BRDA:35,4,1,0
BRDA:36,5,0,0
BRDA:36,5,1,0
BRDA:37,6,0,0
BRDA:37,6,1,0
BRDA:37,7,0,0
BRDA:37,7,1,0
BRDA:39,8,0,0
BRDA:39,8,1,0
BRDA:40,9,0,0
BRDA:40,9,1,0
BRDA:85,10,0,0
BRDA:85,10,1,0
BRDA:93,11,0,0
BRDA:93,11,1,0
BRDA:95,12,0,0
BRDA:95,12,1,0
BRDA:95,13,0,0
BRDA:95,13,1,0
BRDA:136,14,0,0
BRDA:136,14,1,0
BRDA:144,15,0,0
BRDA:144,15,1,0
BRDA:146,16,0,0
BRDA:146,16,1,0
BRDA:156,17,0,0
BRDA:156,17,1,0
BRDA:157,18,0,0
BRDA:157,18,1,0
BRDA:166,19,0,0
BRDA:166,19,1,0
BRDA:204,20,0,0
BRDA:204,20,1,0
BRDA:217,21,0,0
BRDA:217,21,1,0
BRDA:223,22,0,0
BRDA:223,22,1,0
BRDA:268,23,0,0
BRDA:268,23,1,0
BRDA:276,24,0,0
BRDA:276,24,1,0
BRDA:278,25,0,0
BRDA:278,25,1,0
BRDA:278,26,0,0
BRDA:278,26,1,0
BRDA:305,27,0,0
BRDA:305,27,1,0
BRDA:306,28,0,0
BRDA:306,28,1,0
BRDA:355,29,0,0
BRDA:355,29,1,0
BRDA:362,30,0,0
BRDA:362,30,1,0
BRDA:371,31,0,0
BRDA:371,31,1,0
BRDA:395,32,0,0
BRDA:395,32,1,0
BRDA:402,33,0,0
BRDA:402,33,1,0
BRF:68
BRH:0
end_of_record
TN:
SF:src\routes\dashboard.js
FN:14,(anonymous_0)
FN:78,(anonymous_1)
FNF:2
FNH:0
FNDA:0,(anonymous_0)
FNDA:0,(anonymous_1)
DA:9,0
DA:14,0
DA:15,0
DA:16,0
DA:17,0
DA:18,0
DA:19,0
DA:31,0
DA:46,0
DA:49,0
DA:52,0
DA:63,0
DA:68,0
DA:78,0
DA:79,0
DA:80,0
DA:82,0
DA:83,0
DA:84,0
DA:85,0
DA:86,0
DA:90,0
DA:105,0
DA:120,0
DA:135,0
DA:146,0
DA:157,0
DA:168,0
DA:180,0
LF:29
LH:0
BRDA:49,0,0,0
BRDA:49,0,1,0
BRDA:56,1,0,0
BRDA:56,1,1,0
BRDA:83,2,0,0
BRDA:83,2,1,0
BRDA:83,3,0,0
BRDA:83,3,1,0
BRDA:85,4,0,0
BRDA:85,4,1,0
BRDA:86,5,0,0
BRDA:86,5,1,0
BRF:12
BRH:0
end_of_record
TN:
SF:src\routes\doctorRevenue.js
FN:16,(anonymous_0)
FN:39,(anonymous_1)
FN:42,(anonymous_2)
FN:48,(anonymous_3)
FN:52,(anonymous_4)
FN:60,(anonymous_5)
FN:61,(anonymous_6)
FN:70,(anonymous_7)
FN:74,(anonymous_8)
FN:77,(anonymous_9)
FN:92,(anonymous_10)
FN:96,(anonymous_11)
FN:106,(anonymous_12)
FN:135,(anonymous_13)
FN:152,(anonymous_14)
FN:164,(anonymous_15)
FN:168,(anonymous_16)
FN:172,(anonymous_17)
FN:176,(anonymous_18)
FN:185,(anonymous_19)
FN:192,(anonymous_20)
FN:198,(anonymous_21)
FN:204,(anonymous_22)
FN:206,(anonymous_23)
FNF:24
FNH:0
FNDA:0,(anonymous_0)
FNDA:0,(anonymous_1)
FNDA:0,(anonymous_2)
FNDA:0,(anonymous_3)
FNDA:0,(anonymous_4)
FNDA:0,(anonymous_5)
FNDA:0,(anonymous_6)
FNDA:0,(anonymous_7)
FNDA:0,(anonymous_8)
FNDA:0,(anonymous_9)
FNDA:0,(anonymous_10)
FNDA:0,(anonymous_11)
FNDA:0,(anonymous_12)
FNDA:0,(anonymous_13)
FNDA:0,(anonymous_14)
FNDA:0,(anonymous_15)
FNDA:0,(anonymous_16)
FNDA:0,(anonymous_17)
FNDA:0,(anonymous_18)
FNDA:0,(anonymous_19)
FNDA:0,(anonymous_20)
FNDA:0,(anonymous_21)
FNDA:0,(anonymous_22)
FNDA:0,(anonymous_23)
DA:7,0
DA:10,0
DA:11,0
DA:16,0
DA:17,0
DA:18,0
DA:21,0
DA:39,0
DA:42,0
DA:45,0
DA:46,0
DA:47,0
DA:49,0
DA:50,0
DA:52,0
DA:55,0
DA:56,0
DA:57,0
DA:59,0
DA:60,0
DA:61,0
DA:64,0
DA:65,0
DA:66,0
DA:67,0
DA:69,0
DA:71,0
DA:72,0
DA:74,0
DA:77,0
DA:78,0
DA:79,0
DA:80,0
DA:84,0
DA:85,0
DA:86,0
DA:87,0
DA:88,0
DA:89,0
DA:91,0
DA:93,0
DA:94,0
DA:96,0
DA:98,0
DA:106,0
DA:118,0
DA:135,0
DA:141,0
DA:142,0
DA:152,0
DA:153,0
DA:154,0
DA:157,0
DA:163,0
DA:164,0
DA:165,0
DA:168,0
DA:169,0
DA:172,0
DA:173,0
DA:176,0
DA:177,0
DA:181,0
DA:182,0
DA:183,0
DA:185,0
DA:186,0
DA:190,0
DA:191,0
DA:192,0
DA:193,0
DA:194,0
DA:198,0
DA:199,0
DA:200,0
DA:204,0
DA:205,0
DA:206,0
DA:209,0
DA:225,0
DA:226,0
LF:81
LH:0
BRDA:42,0,0,0
BRDA:42,0,1,0
BRDA:50,1,0,0
BRDA:50,1,1,0
BRDA:52,2,0,0
BRDA:52,2,1,0
BRDA:61,3,0,0
BRDA:61,3,1,0
BRDA:72,4,0,0
BRDA:72,4,1,0
BRDA:74,5,0,0
BRDA:74,5,1,0
BRDA:78,6,0,0
BRDA:78,6,1,0
BRDA:79,7,0,0
BRDA:79,7,1,0
BRDA:79,8,0,0
BRDA:79,8,1,0
BRDA:94,9,0,0
BRDA:94,9,1,0
BRDA:96,10,0,0
BRDA:96,10,1,0
BRDA:112,11,0,0
BRDA:112,11,1,0
BRDA:133,12,0,0
BRDA:133,12,1,0
BRDA:134,13,0,0
BRDA:134,13,1,0
BRDA:169,14,0,0
BRDA:169,14,1,0
BRDA:194,15,0,0
BRDA:194,15,1,0
BRDA:199,16,0,0
BRDA:199,16,1,0
BRDA:205,17,0,0
BRDA:205,17,1,0
BRF:36
BRH:0
end_of_record
TN:
SF:src\routes\doctors.js
FN:15,(anonymous_0)
FN:60,(anonymous_1)
FN:89,(anonymous_2)
FN:135,(anonymous_3)
FN:160,(anonymous_4)
FN:189,(anonymous_5)
FN:206,(anonymous_6)
FN:249,(anonymous_7)
FN:306,(anonymous_8)
FN:327,(anonymous_9)
FN:348,(anonymous_10)
FN:377,(anonymous_11)
FN:401,(anonymous_12)
FN:427,(anonymous_13)
FN:457,(anonymous_14)
FN:497,(anonymous_15)
FN:520,(anonymous_16)
FN:523,(anonymous_17)
FN:529,(anonymous_18)
FN:533,(anonymous_19)
FN:541,(anonymous_20)
FN:542,(anonymous_21)
FN:551,(anonymous_22)
FN:555,(anonymous_23)
FN:571,(anonymous_24)
FN:588,(anonymous_25)
FNF:26
FNH:0
FNDA:0,(anonymous_0)
FNDA:0,(anonymous_1)
FNDA:0,(anonymous_2)
FNDA:0,(anonymous_3)
FNDA:0,(anonymous_4)
FNDA:0,(anonymous_5)
FNDA:0,(anonymous_6)
FNDA:0,(anonymous_7)
FNDA:0,(anonymous_8)
FNDA:0,(anonymous_9)
FNDA:0,(anonymous_10)
FNDA:0,(anonymous_11)
FNDA:0,(anonymous_12)
FNDA:0,(anonymous_13)
FNDA:0,(anonymous_14)
FNDA:0,(anonymous_15)
FNDA:0,(anonymous_16)
FNDA:0,(anonymous_17)
FNDA:0,(anonymous_18)
FNDA:0,(anonymous_19)
FNDA:0,(anonymous_20)
FNDA:0,(anonymous_21)
FNDA:0,(anonymous_22)
FNDA:0,(anonymous_23)
FNDA:0,(anonymous_24)
FNDA:0,(anonymous_25)
DA:10,0
DA:15,0
DA:16,0
DA:17,0
DA:18,0
DA:19,0
DA:20,0
DA:23,0
DA:24,0
DA:25,0
DA:27,0
DA:28,0
DA:31,0
DA:37,0
DA:39,0
DA:50,0
DA:60,0
DA:61,0
DA:62,0
DA:65,0
DA:66,0
DA:72,0
DA:79,0
DA:89,0
DA:90,0
DA:91,0
DA:94,0
DA:95,0
DA:96,0
DA:103,0
DA:104,0
DA:105,0
DA:111,0
DA:116,0
DA:118,0
DA:125,0
DA:135,0
DA:136,0
DA:137,0
DA:139,0
DA:140,0
DA:147,0
DA:148,0
DA:154,0
DA:158,0
DA:160,0
DA:161,0
DA:162,0
DA:166,0
DA:172,0
DA:179,0
DA:189,0
DA:190,0
DA:191,0
DA:192,0
DA:194,0
DA:195,0
DA:202,0
DA:203,0
DA:204,0
DA:206,0
DA:207,0
DA:210,0
DA:211,0
DA:220,0
DA:232,0
DA:239,0
DA:249,0
DA:250,0
DA:251,0
DA:252,0
DA:254,0
DA:255,0
DA:261,0
DA:275,0
DA:285,0
DA:296,0
DA:306,0
DA:307,0
DA:308,0
DA:310,0
DA:317,0
DA:327,0
DA:328,0
DA:329,0
DA:331,0
DA:338,0
DA:348,0
DA:349,0
DA:350,0
DA:353,0
DA:354,0
DA:360,0
DA:367,0
DA:377,0
DA:378,0
DA:379,0
DA:383,0
DA:391,0
DA:401,0
DA:402,0
DA:403,0
DA:408,0
DA:416,0
DA:417,0
DA:427,0
DA:428,0
DA:429,0
DA:431,0
DA:432,0
DA:438,0
DA:447,0
DA:457,0
DA:458,0
DA:459,0
DA:461,0
DA:471,0
DA:472,0
DA:478,0
DA:487,0
DA:497,0
DA:498,0
DA:499,0
DA:502,0
DA:520,0
DA:523,0
DA:526,0
DA:527,0
DA:528,0
DA:530,0
DA:531,0
DA:533,0
DA:536,0
DA:537,0
DA:538,0
DA:540,0
DA:541,0
DA:542,0
DA:545,0
DA:546,0
DA:547,0
DA:548,0
DA:550,0
DA:552,0
DA:553,0
DA:555,0
DA:557,0
DA:571,0
DA:577,0
DA:578,0
DA:588,0
DA:589,0
DA:590,0
DA:596,0
DA:597,0
DA:603,0
DA:608,0
LF:157
LH:0
BRDA:17,0,0,0
BRDA:17,0,1,0
BRDA:18,1,0,0
BRDA:18,1,1,0
BRDA:24,2,0,0
BRDA:24,2,1,0
BRDA:27,3,0,0
BRDA:27,3,1,0
BRDA:65,4,0,0
BRDA:65,4,1,0
BRDA:65,5,0,0
BRDA:65,5,1,0
BRDA:95,6,0,0
BRDA:95,6,1,0
BRDA:95,7,0,0
BRDA:95,7,1,0
BRDA:104,8,0,0
BRDA:104,8,1,0
BRDA:139,9,0,0
BRDA:139,9,1,0
BRDA:147,10,0,0
BRDA:147,10,1,0
BRDA:147,11,0,0
BRDA:147,11,1,0
BRDA:161,12,0,0
BRDA:161,12,1,0
BRDA:194,13,0,0
BRDA:194,13,1,0
BRDA:194,14,0,0
BRDA:194,14,1,0
BRDA:202,15,0,0
BRDA:202,15,1,0
BRDA:207,16,0,0
BRDA:207,16,1,0
BRDA:210,17,0,0
BRDA:210,17,1,0
BRDA:251,18,0,0
BRDA:251,19,0,0
BRDA:254,20,0,0
BRDA:254,20,1,0
BRDA:353,21,0,0
BRDA:353,21,1,0
BRDA:431,22,0,0
BRDA:431,22,1,0
BRDA:441,23,0,0
BRDA:441,23,1,0
BRDA:442,24,0,0
BRDA:442,24,1,0
BRDA:443,25,0,0
BRDA:443,25,1,0
BRDA:464,26,0,0
BRDA:464,26,1,0
BRDA:465,27,0,0
BRDA:465,27,1,0
BRDA:466,28,0,0
BRDA:466,28,1,0
BRDA:471,29,0,0
BRDA:471,29,1,0
BRDA:523,30,0,0
BRDA:523,30,1,0
BRDA:531,31,0,0
BRDA:531,31,1,0
BRDA:533,32,0,0
BRDA:533,32,1,0
BRDA:542,33,0,0
BRDA:542,33,1,0
BRDA:553,34,0,0
BRDA:553,34,1,0
BRDA:555,35,0,0
BRDA:555,35,1,0
BRDA:569,36,0,0
BRDA:569,36,1,0
BRDA:570,37,0,0
BRDA:570,37,1,0
BRDA:596,38,0,0
BRDA:596,38,1,0
BRF:76
BRH:0
end_of_record
TN:
SF:src\routes\healthRecords.js
FN:13,(anonymous_0)
FN:67,(anonymous_1)
FN:110,(anonymous_2)
FN:165,(anonymous_3)
FN:226,(anonymous_4)
FN:266,(anonymous_5)
FN:303,(anonymous_6)
FNF:7
FNH:0
FNDA:0,(anonymous_0)
FNDA:0,(anonymous_1)
FNDA:0,(anonymous_2)
FNDA:0,(anonymous_3)
FNDA:0,(anonymous_4)
FNDA:0,(anonymous_5)
FNDA:0,(anonymous_6)
DA:8,0
DA:13,0
DA:14,0
DA:15,0
DA:17,0
DA:18,0
DA:25,0
DA:26,0
DA:27,0
DA:28,0
DA:35,0
DA:49,0
DA:57,0
DA:67,0
DA:68,0
DA:69,0
DA:71,0
DA:72,0
DA:78,0
DA:92,0
DA:100,0
DA:110,0
DA:111,0
DA:112,0
DA:130,0
DA:131,0
DA:138,0
DA:139,0
DA:140,0
DA:141,0
DA:148,0
DA:155,0
DA:165,0
DA:166,0
DA:167,0
DA:170,0
DA:171,0
DA:172,0
DA:179,0
DA:180,0
DA:181,0
DA:183,0
DA:184,0
DA:188,0
DA:200,0
DA:201,0
DA:209,0
DA:216,0
DA:226,0
DA:227,0
DA:228,0
DA:230,0
DA:231,0
DA:238,0
DA:239,0
DA:240,0
DA:241,0
DA:247,0
DA:248,0
DA:256,0
DA:257,0
DA:258,0
DA:259,0
DA:263,0
DA:264,0
DA:266,0
DA:267,0
DA:268,0
DA:272,0
DA:286,0
DA:293,0
DA:303,0
DA:304,0
DA:305,0
DA:307,0
DA:308,0
DA:315,0
DA:316,0
DA:317,0
DA:318,0
DA:324,0
DA:325,0
DA:332,0
DA:333,0
DA:335,0
DA:340,0
LF:86
LH:0
BRDA:17,0,0,0
BRDA:17,0,1,0
BRDA:25,1,0,0
BRDA:25,1,1,0
BRDA:27,2,0,0
BRDA:27,2,1,0
BRDA:27,3,0,0
BRDA:27,3,1,0
BRDA:71,4,0,0
BRDA:71,4,1,0
BRDA:130,5,0,0
BRDA:130,5,1,0
BRDA:138,6,0,0
BRDA:138,6,1,0
BRDA:140,7,0,0
BRDA:140,7,1,0
BRDA:140,8,0,0
BRDA:140,8,1,0
BRDA:171,9,0,0
BRDA:171,9,1,0
BRDA:180,10,0,0
BRDA:180,10,1,0
BRDA:183,11,0,0
BRDA:183,11,1,0
BRDA:190,12,0,0
BRDA:190,12,1,0
BRDA:230,13,0,0
BRDA:230,13,1,0
BRDA:238,14,0,0
BRDA:238,14,1,0
BRDA:240,15,0,0
BRDA:240,15,1,0
BRDA:247,16,0,0
BRDA:247,16,1,0
BRDA:247,17,0,0
BRDA:247,17,1,0
BRDA:256,18,0,0
BRDA:256,18,1,0
BRDA:256,19,0,0
BRDA:256,19,1,0
BRDA:258,20,0,0
BRDA:258,20,1,0
BRDA:267,21,0,0
BRDA:267,21,1,0
BRDA:307,22,0,0
BRDA:307,22,1,0
BRDA:315,23,0,0
BRDA:315,23,1,0
BRDA:317,24,0,0
BRDA:317,24,1,0
BRDA:324,25,0,0
BRDA:324,25,1,0
BRDA:324,26,0,0
BRDA:324,26,1,0
BRF:54
BRH:0
end_of_record
TN:
SF:src\routes\hospitals.js
FN:11,(anonymous_0)
FN:56,(anonymous_1)
FN:91,(anonymous_2)
FN:112,(anonymous_3)
FN:144,(anonymous_4)
FNF:5
FNH:0
FNDA:0,(anonymous_0)
FNDA:0,(anonymous_1)
FNDA:0,(anonymous_2)
FNDA:0,(anonymous_3)
FNDA:0,(anonymous_4)
DA:6,0
DA:11,0
DA:12,0
DA:13,0
DA:14,0
DA:15,0
DA:16,0
DA:19,0
DA:20,0
DA:21,0
DA:23,0
DA:24,0
DA:27,0
DA:33,0
DA:35,0
DA:46,0
DA:56,0
DA:57,0
DA:58,0
DA:67,0
DA:68,0
DA:74,0
DA:81,0
DA:91,0
DA:92,0
DA:93,0
DA:95,0
DA:102,0
DA:112,0
DA:113,0
DA:114,0
DA:120,0
DA:121,0
DA:127,0
DA:134,0
DA:144,0
DA:145,0
DA:146,0
DA:152,0
DA:153,0
DA:159,0
DA:164,0
LF:42
LH:0
BRDA:13,0,0,0
BRDA:13,0,1,0
BRDA:14,1,0,0
BRDA:14,1,1,0
BRDA:20,2,0,0
BRDA:20,2,1,0
BRDA:23,3,0,0
BRDA:23,3,1,0
BRDA:67,4,0,0
BRDA:67,4,1,0
BRDA:67,5,0,0
BRDA:67,5,1,0
BRDA:120,6,0,0
BRDA:120,6,1,0
BRDA:152,7,0,0
BRDA:152,7,1,0
BRF:16
BRH:0
end_of_record
TN:
SF:src\routes\notifications.js
FN:11,(anonymous_0)
FN:45,(anonymous_1)
FN:82,(anonymous_2)
FN:104,(anonymous_3)
FNF:4
FNH:0
FNDA:0,(anonymous_0)
FNDA:0,(anonymous_1)
FNDA:0,(anonymous_2)
FNDA:0,(anonymous_3)
DA:6,0
DA:11,0
DA:12,0
DA:13,0
DA:14,0
DA:15,0
DA:17,0
DA:22,0
DA:24,0
DA:35,0
DA:45,0
DA:46,0
DA:47,0
DA:49,0
DA:50,0
DA:56,0
DA:57,0
DA:63,0
DA:64,0
DA:65,0
DA:67,0
DA:72,0
DA:82,0
DA:83,0
DA:84,0
DA:89,0
DA:94,0
DA:104,0
DA:105,0
DA:106,0
DA:108,0
DA:109,0
DA:115,0
DA:116,0
DA:122,0
DA:124,0
DA:129,0
LF:37
LH:0
BRDA:13,0,0,0
BRDA:13,0,1,0
BRDA:14,1,0,0
BRDA:14,1,1,0
BRDA:49,2,0,0
BRDA:49,2,1,0
BRDA:56,3,0,0
BRDA:56,3,1,0
BRDA:108,4,0,0
BRDA:108,4,1,0
BRDA:115,5,0,0
BRDA:115,5,1,0
BRF:12
BRH:0
end_of_record
TN:
SF:src\routes\patients.js
FN:12,(anonymous_0)
FN:48,(anonymous_1)
FN:78,(anonymous_2)
FN:116,(anonymous_3)
FN:149,(anonymous_4)
FN:195,(anonymous_5)
FN:219,(anonymous_6)
FN:248,(anonymous_7)
FN:297,(anonymous_8)
FN:354,(anonymous_9)
FN:385,(anonymous_10)
FN:426,(anonymous_11)
FNF:12
FNH:0
FNDA:0,(anonymous_0)
FNDA:0,(anonymous_1)
FNDA:0,(anonymous_2)
FNDA:0,(anonymous_3)
FNDA:0,(anonymous_4)
FNDA:0,(anonymous_5)
FNDA:0,(anonymous_6)
FNDA:0,(anonymous_7)
FNDA:0,(anonymous_8)
FNDA:0,(anonymous_9)
FNDA:0,(anonymous_10)
FNDA:0,(anonymous_11)
DA:7,0
DA:12,0
DA:13,0
DA:14,0
DA:15,0
DA:16,0
DA:18,0
DA:25,0
DA:27,0
DA:38,0
DA:48,0
DA:49,0
DA:50,0
DA:54,0
DA:55,0
DA:61,0
DA:68,0
DA:78,0
DA:79,0
DA:80,0
DA:84,0
DA:85,0
DA:92,0
DA:93,0
DA:99,0
DA:106,0
DA:116,0
DA:117,0
DA:118,0
DA:125,0
DA:126,0
DA:132,0
DA:139,0
DA:149,0
DA:150,0
DA:151,0
DA:154,0
DA:155,0
DA:156,0
DA:163,0
DA:164,0
DA:165,0
DA:171,0
DA:176,0
DA:178,0
DA:185,0
DA:195,0
DA:196,0
DA:197,0
DA:199,0
DA:200,0
DA:207,0
DA:208,0
DA:214,0
DA:217,0
DA:219,0
DA:220,0
DA:221,0
DA:225,0
DA:231,0
DA:238,0
DA:248,0
DA:249,0
DA:250,0
DA:252,0
DA:253,0
DA:259,0
DA:260,0
DA:261,0
DA:267,0
DA:275,0
DA:276,0
DA:278,0
DA:280,0
DA:287,0
DA:297,0
DA:298,0
DA:299,0
DA:300,0
DA:302,0
DA:303,0
DA:309,0
DA:323,0
DA:333,0
DA:344,0
DA:354,0
DA:355,0
DA:356,0
DA:362,0
DA:363,0
DA:369,0
DA:374,0
DA:385,0
DA:386,0
DA:387,0
DA:391,0
DA:392,0
DA:399,0
DA:400,0
DA:401,0
DA:402,0
DA:409,0
DA:416,0
DA:426,0
DA:427,0
DA:428,0
DA:430,0
DA:431,0
DA:432,0
DA:438,0
DA:447,0
DA:448,0
DA:450,0
DA:452,0
DA:459,0
LF:115
LH:0
BRDA:14,0,0,0
BRDA:14,0,1,0
BRDA:15,1,0,0
BRDA:15,1,1,0
BRDA:54,2,0,0
BRDA:54,2,1,0
BRDA:84,3,0,0
BRDA:84,3,1,0
BRDA:92,4,0,0
BRDA:92,4,1,0
BRDA:92,5,0,0
BRDA:92,5,1,0
BRDA:125,6,0,0
BRDA:125,6,1,0
BRDA:155,7,0,0
BRDA:155,7,1,0
BRDA:155,8,0,0
BRDA:155,8,1,0
BRDA:164,9,0,0
BRDA:164,9,1,0
BRDA:199,10,0,0
BRDA:199,10,1,0
BRDA:207,11,0,0
BRDA:207,11,1,0
BRDA:207,12,0,0
BRDA:207,12,1,0
BRDA:220,13,0,0
BRDA:220,13,1,0
BRDA:252,14,0,0
BRDA:252,14,1,0
BRDA:252,15,0,0
BRDA:252,15,1,0
BRDA:252,15,2,0
BRDA:260,16,0,0
BRDA:260,16,1,0
BRDA:299,17,0,0
BRDA:299,18,0,0
BRDA:302,19,0,0
BRDA:302,19,1,0
BRDA:362,20,0,0
BRDA:362,20,1,0
BRDA:391,21,0,0
BRDA:391,21,1,0
BRDA:399,22,0,0
BRDA:399,22,1,0
BRDA:401,23,0,0
BRDA:401,23,1,0
BRDA:401,24,0,0
BRDA:401,24,1,0
BRDA:412,25,0,0
BRDA:412,25,1,0
BRDA:431,26,0,0
BRDA:431,26,1,0
BRDA:444,27,0,0
BRDA:444,27,1,0
BRF:55
BRH:0
end_of_record
TN:
SF:src\routes\payments.js
FN:13,(anonymous_0)
FN:75,(anonymous_1)
FN:118,(anonymous_2)
FN:206,(anonymous_3)
FN:250,(anonymous_4)
FN:305,(anonymous_5)
FN:350,(anonymous_6)
FNF:7
FNH:0
FNDA:0,(anonymous_0)
FNDA:0,(anonymous_1)
FNDA:0,(anonymous_2)
FNDA:0,(anonymous_3)
FNDA:0,(anonymous_4)
FNDA:0,(anonymous_5)
FNDA:0,(anonymous_6)
DA:8,0
DA:13,0
DA:14,0
DA:15,0
DA:16,0
DA:17,0
DA:18,0
DA:21,0
DA:23,0
DA:24,0
DA:25,0
DA:26,0
DA:31,0
DA:35,0
DA:36,0
DA:37,0
DA:38,0
DA:39,0
DA:40,0
DA:43,0
DA:52,0
DA:54,0
DA:65,0
DA:75,0
DA:76,0
DA:77,0
DA:83,0
DA:84,0
DA:91,0
DA:92,0
DA:93,0
DA:94,0
DA:101,0
DA:108,0
DA:118,0
DA:119,0
DA:120,0
DA:123,0
DA:124,0
DA:125,0
DA:132,0
DA:133,0
DA:134,0
DA:135,0
DA:142,0
DA:143,0
DA:150,0
DA:151,0
DA:158,0
DA:160,0
DA:170,0
DA:171,0
DA:173,0
DA:174,0
DA:176,0
DA:177,0
DA:180,0
DA:182,0
DA:189,0
DA:196,0
DA:206,0
DA:207,0
DA:208,0
DA:210,0
DA:211,0
DA:217,0
DA:219,0
DA:220,0
DA:226,0
DA:227,0
DA:229,0
DA:230,0
DA:233,0
DA:235,0
DA:240,0
DA:250,0
DA:251,0
DA:252,0
DA:254,0
DA:256,0
DA:257,0
DA:263,0
DA:264,0
DA:270,0
DA:272,0
DA:273,0
DA:279,0
DA:280,0
DA:286,0
DA:288,0
DA:290,0
DA:295,0
DA:305,0
DA:306,0
DA:307,0
DA:315,0
DA:316,0
DA:323,0
DA:324,0
DA:325,0
DA:326,0
DA:333,0
DA:340,0
DA:350,0
DA:351,0
DA:352,0
DA:354,0
DA:355,0
DA:356,0
DA:357,0
DA:358,0
DA:361,0
DA:373,0
DA:385,0
DA:402,0
DA:411,0
LF:116
LH:0
BRDA:15,0,0,0
BRDA:15,0,1,0
BRDA:16,1,0,0
BRDA:16,1,1,0
BRDA:23,2,0,0
BRDA:23,2,1,0
BRDA:25,3,0,0
BRDA:25,3,1,0
BRDA:35,4,0,0
BRDA:35,4,1,0
BRDA:36,5,0,0
BRDA:36,5,1,0
BRDA:37,6,0,0
BRDA:37,6,1,0
BRDA:37,7,0,0
BRDA:37,7,1,0
BRDA:39,8,0,0
BRDA:39,8,1,0
BRDA:40,9,0,0
BRDA:40,9,1,0
BRDA:83,10,0,0
BRDA:83,10,1,0
BRDA:91,11,0,0
BRDA:91,11,1,0
BRDA:93,12,0,0
BRDA:93,12,1,0
BRDA:93,13,0,0
BRDA:93,13,1,0
BRDA:124,14,0,0
BRDA:124,14,1,0
BRDA:132,15,0,0
BRDA:132,15,1,0
BRDA:134,16,0,0
BRDA:134,16,1,0
BRDA:134,17,0,0
BRDA:134,17,1,0
BRDA:142,18,0,0
BRDA:142,18,1,0
BRDA:150,19,0,0
BRDA:150,19,1,0
BRDA:170,20,0,0
BRDA:170,20,1,0
BRDA:170,21,0,0
BRDA:170,21,1,0
BRDA:173,22,0,0
BRDA:173,22,1,0
BRDA:173,23,0,0
BRDA:173,23,1,0
BRDA:176,24,0,0
BRDA:176,24,1,0
BRDA:176,25,0,0
BRDA:176,25,1,0
BRDA:210,26,0,0
BRDA:210,26,1,0
BRDA:219,27,0,0
BRDA:219,27,1,0
BRDA:229,28,0,0
BRDA:229,28,1,0
BRDA:229,29,0,0
BRDA:229,29,1,0
BRDA:256,30,0,0
BRDA:256,30,1,0
BRDA:263,31,0,0
BRDA:263,31,1,0
BRDA:270,32,0,0
BRDA:270,32,1,0
BRDA:272,33,0,0
BRDA:272,33,1,0
BRDA:284,34,0,0
BRDA:284,34,1,0
BRDA:315,35,0,0
BRDA:315,35,1,0
BRDA:323,36,0,0
BRDA:323,36,1,0
BRDA:325,37,0,0
BRDA:325,37,1,0
BRDA:325,38,0,0
BRDA:325,38,1,0
BRDA:355,39,0,0
BRDA:355,39,1,0
BRDA:355,40,0,0
BRDA:355,40,1,0
BRDA:357,41,0,0
BRDA:357,41,1,0
BRDA:358,42,0,0
BRDA:358,42,1,0
BRDA:405,43,0,0
BRDA:405,43,1,0
BRF:88
BRH:0
end_of_record
TN:
SF:src\routes\reports.js
FN:11,(anonymous_0)
FN:40,(anonymous_1)
FN:75,(anonymous_2)
FN:104,(anonymous_3)
FNF:4
FNH:0
FNDA:0,(anonymous_0)
FNDA:0,(anonymous_1)
FNDA:0,(anonymous_2)
FNDA:0,(anonymous_3)
DA:6,0
DA:11,0
DA:12,0
DA:13,0
DA:16,0
DA:23,0
DA:30,0
DA:40,0
DA:41,0
DA:42,0
DA:43,0
DA:44,0
DA:46,0
DA:52,0
DA:54,0
DA:65,0
DA:75,0
DA:76,0
DA:77,0
DA:80,0
DA:81,0
DA:87,0
DA:94,0
DA:104,0
DA:105,0
DA:106,0
DA:108,0
DA:109,0
DA:117,0
DA:118,0
DA:121,0
DA:123,0
LF:32
LH:0
BRDA:42,0,0,0
BRDA:42,0,1,0
BRDA:43,1,0,0
BRDA:43,1,1,0
BRDA:80,2,0,0
BRDA:80,2,1,0
BRDA:108,3,0,0
BRDA:108,3,1,0
BRF:8
BRH:0
end_of_record
